<?xml version="1.0" encoding="UTF-8"?>
<!-- Generated by org.testng.reporters.JUnitReportReporter -->
<testsuite hostname="LAPTOP-0V53150T" failures="0" tests="1" name="tests.CalculatorTest" time="14.022" errors="0" timestamp="2025-05-31T19:04:57 PDT" skipped="0">
  <testcase classname="tests.CalculatorTest" name="testAddition" time="14.022"/>
</testsuite> <!-- tests.CalculatorTest -->
